
> CPE-Web-App@0.0.0 build
> npx puppeteer browsers install chrome && vite build && node scripts/generate-sitemap.js && node scripts/prerender.js

chrome@141.0.7390.76 /Users/n3/.cache/puppeteer/chrome/mac_arm-141.0.7390.76/chrome-mac-arm64/Google Chrome for Testing.app/Contents/MacOS/Google Chrome for Testing
vite v6.3.6 building for production...
transforming...
✓ 2624 modules transformed.
[plugin vite:reporter] 
(!) /Users/n3/Github/Stevens-Online-Web-App-Naveen/src/data/blogs.json is dynamically imported by /Users/n3/Github/Stevens-Online-Web-App-Naveen/src/pages/Home.jsx but also statically imported by /Users/n3/Github/Stevens-Online-Web-App-Naveen/src/pages/Blog.jsx, /Users/n3/Github/Stevens-Online-Web-App-Naveen/src/pages/EngineeringEssentials.jsx, /Users/n3/Github/Stevens-Online-Web-App-Naveen/src/pages/MasteringComputerScience.jsx, /Users/n3/Github/Stevens-Online-Web-App-Naveen/src/pages/OnlineMBASuccess.jsx, /Users/n3/Github/Stevens-Online-Web-App-Naveen/src/pages/OtherPrograms.jsx, /Users/n3/Github/Stevens-Online-Web-App-Naveen/src/routes.jsx, dynamic import will not move module into another chunk.

rendering chunks...
computing gzip size...
dist/index.html                     2.07 kB │ gzip:   1.01 kB
dist/assets/index-CZDn25x-.css    137.60 kB │ gzip:  21.24 kB
dist/assets/index-DZPT3wD-.js   2,221.57 kB │ gzip: 580.69 kB

(!) Some chunks are larger than 500 kB after minification. Consider:
- Using dynamic import() to code-split the application
- Use build.rollupOptions.output.manualChunks to improve chunking: https://rollupjs.org/configuration-options/#output-manualchunks
- Adjust chunk size limit for this warning via build.chunkSizeWarningLimit.
✓ built in 3.59s
🗺️  Generating sitemap...
✅ Sitemap written to public/sitemap.xml (163 URLs)
✅ Sitemap written to dist/sitemap.xml
🎉 Sitemap generation complete! Total URLs: 163
Starting pre-rendering process...
Found 164 routes to pre-render
Starting preview server...
Port 4173 is in use, trying another one...
Port 4174 is in use, trying another one...
Server running at http://localhost:4173
Environment: Local Development
Pre-rendering: / (1/164)
Pre-rendering: /ASAP/ (2/164)
Pre-rendering: /accelerated-application/ (3/164)
Pre-rendering: /tuition-and-financial-aid/ (4/164)
Pre-rendering: /online-mba/ (5/164)
Pre-rendering: /online-masters-computer-science-mscs/ (6/164)
Pre-rendering: /online-masters-engineering-management/ (7/164)
Pre-rendering: /online-masters-engineering-applied-data-science/ (8/164)
Pre-rendering: /certificates/enterprise-ai/ (9/164)
Pre-rendering: /certificates/applied-data-science-foundations/ (10/164)
Pre-rendering: /compare-our-programs/ (11/164)
Pre-rendering: /events/ (12/164)
Pre-rendering: /online-learning-experience/ (13/164)
Pre-rendering: /admissions/ (14/164)
Pre-rendering: /request-information/ (15/164)
Pre-rendering: /ProfessionalEducation (16/164)
Pre-rendering: /Certificates (17/164)
Pre-rendering: /TuitionOutcomes (18/164)
Pre-rendering: /explore/online-mba/ (19/164)
Pre-rendering: /explore/online-masters-engineering-management/ (20/164)
Pre-rendering: /explore/online-masters-computer-science/ (21/164)
Pre-rendering: /explore/online-masters-eng-applied-data-science/ (22/164)
Pre-rendering: /explore/ai-masters-computer-science/ (23/164)
Pre-rendering: /explore/certificates/enterprise-ai/ (24/164)
Pre-rendering: /explore/certificates/applied-data-science-foundations/ (25/164)
Pre-rendering: /partnerships/prudential/ (26/164)
Pre-rendering: /page-not-found/ (27/164)
Pre-rendering: /blog/ (28/164)
Pre-rendering: /blog/alkis-vazacopoulos-on-business-analytics-turning-data-into-decisions/ (29/164)
Pre-rendering: /blog/artificial-intelligence-and-innovation-in-engineering-management/ (30/164)
Pre-rendering: /blog/best-time-to-earn-your-masters-in-engineering-management/ (31/164)
Pre-rendering: /blog/big-data-jobs-skills-acquired-in-a-master/ (32/164)
Pre-rendering: /blog/budgeting-to-pay-for-your-mscs/ (33/164)
Pre-rendering: /blog/building-computer-systems-for-the-future-reza-peyrovian/ (34/164)
Pre-rendering: /blog/c-suite-executives-top-msds-grads-business/ (35/164)
Pre-rendering: /blog/coding-bootcamp-competing-today-job-market/ (36/164)
Pre-rendering: /blog/computer-science-ai-innovation-for-future/ (37/164)
Pre-rendering: /blog/computer-science-degree-requirements/ (38/164)
Pre-rendering: /blog/computer-science-salaries-outlook-for-2023/ (39/164)
Pre-rendering: /blog/computer-science-skills-developing-world/ (40/164)
Pre-rendering: /blog/covid-19s-impact-on-mba-admissions-process/ (41/164)
Pre-rendering: /blog/data-science-careers-for-stem-professionals/ (42/164)
Pre-rendering: /blog/data-science-masters-benefits/ (43/164)
Pre-rendering: /blog/data-science-masters-for-ai-future/ (44/164)
Pre-rendering: /blog/do-you-need-a-master-degree-for-data-science/ (45/164)
Pre-rendering: /blog/engineering-management-degree-admission/ (46/164)
Pre-rendering: /blog/engineering-management-vs-mba/ (47/164)
Pre-rendering: /blog/engineering-manager-or-tech-lead-choosing-your-path/ (48/164)
Pre-rendering: /blog/engineering-manager-salary-guide/ (49/164)
Pre-rendering: /blog/engineering-technology-masters-program/ (50/164)
Pre-rendering: /blog/explore-computer-science-salary-and-job-outlook-2024/ (51/164)
Pre-rendering: /blog/finding-success-in-engineering-leadership/ (52/164)
Pre-rendering: /blog/from-engineering-manager-program/ (53/164)
Pre-rendering: /blog/gain-technical-depth-with-a-computer-science-masters-mscs/ (54/164)
Pre-rendering: /blog/highest-paying-computer-science-skills/ (55/164)
Pre-rendering: /blog/how-immersion-enhances-the-stevens-online-mba-experience/ (56/164)
Pre-rendering: /blog/how-to-balance-a-full-time-job-and-an-online-mscs/ (57/164)
Pre-rendering: /blog/how-to-strengthen-your-online-mba-application/ (58/164)
Pre-rendering: /blog/integration-of-artificial-intelligence-in-business-strategy/ (59/164)
Pre-rendering: /blog/managing-engineers-unique-skill-sets/ (60/164)
Pre-rendering: /blog/mba-career-paths-new-pursuits/ (61/164)
Pre-rendering: /blog/mba-equips-leaders-with-financial-and-managerial-accounting-skills/ (62/164)
Pre-rendering: /blog/mba-program-fits-entrepreneurship-journey/ (63/164)
Pre-rendering: /blog/online-computer-science-degree-mscs/ (64/164)
Pre-rendering: /blog/online-data-science-vs-computer-science/ (65/164)
Pre-rendering: /blog/online-distance-learning-degree/ (66/164)
Pre-rendering: /blog/online-engineering-management-requirements/ (67/164)
Pre-rendering: /blog/online-learning-experience-at-stevens-institute-of-technology/ (68/164)
Pre-rendering: /blog/online-mscs-develops-skills-required-for-remote-computer-science-jobs/ (69/164)
Pre-rendering: /blog/origins-of-engineering-management-mem-degree/ (70/164)
Pre-rendering: /blog/outlook-for-data-science-occupations/ (71/164)
Pre-rendering: /blog/prepare-for-remote-computer-science-jobs-with-an-mscs/ (72/164)
Pre-rendering: /blog/real-life-data-science-masters-degree/ (73/164)
Pre-rendering: /blog/remote-computer-jobs-online-msds-grads/ (74/164)
Pre-rendering: /blog/safer-and-more-secure-software-design/ (75/164)
Pre-rendering: /blog/steven-mscs-focus-areas/ (76/164)
Pre-rendering: /blog/stevens-asap-application/ (77/164)
Pre-rendering: /blog/stevens-institute-master-of-computer-science-program-who-is-a-good-fit/ (78/164)
Pre-rendering: /blog/stevens-master-of-science-in-data-science-hands-on-skills/ (79/164)
Pre-rendering: /blog/stevens-online-mba-employer-tuition-assistance/ (80/164)
Pre-rendering: /blog/submit-a-stronger-msds-application-start-with-application-walkthrough/ (81/164)
Pre-rendering: /blog/supply-chain-management-sustainability/ (82/164)
Pre-rendering: /blog/tech-management-jobs/ (83/164)
Pre-rendering: /blog/the-data-science-bubble-essential-for-you/ (84/164)
Pre-rendering: /blog/the-top-data-science-trends-today/ (85/164)
Pre-rendering: /blog/the-true-benefits-for-online-mba-graduates/ (86/164)
Pre-rendering: /blog/top-best-data-science-programs/ (87/164)
Pre-rendering: /blog/top-mba-jobs-for-2025-graduates/ (88/164)
Pre-rendering: /blog/top-online-master-engineering-curriculum/ (89/164)
Pre-rendering: /blog/why-an-mscs-is-better-than-moocs/ (90/164)
Pre-rendering: /blog/why-computer-science-is-important/ (91/164)
Pre-rendering: /blog/why-top-online-mba-programs-emphasize-technical-foundation/ (92/164)
Pre-rendering: /blog/with-an-online-mba-jobs-become-more-accessible/ (93/164)
Pre-rendering: /blog/your-data-science-resume/ (94/164)
Pre-rendering: /topics/engineering-essentials/ (95/164)
Pre-rendering: /topics/mastering-computer-science/ (96/164)
Pre-rendering: /topics/online-mba-success/ (97/164)
Pre-rendering: /topics/uncategorized/ (98/164)
Pre-rendering: /topics/online-mba-success/alkis-vazacopoulos-on-business-analytics-turning-data-into-decisions/ (99/164)
Pre-rendering: /topics/engineering-essentials/artificial-intelligence-and-innovation-in-engineering-management/ (100/164)
Pre-rendering: /topics/engineering-essentials/best-time-to-earn-your-masters-in-engineering-management/ (101/164)
Error pre-rendering /topics/engineering-essentials/best-time-to-earn-your-masters-in-engineering-management/: net::ERR_CONNECTION_REFUSED at http://localhost:4173/topics/engineering-essentials/best-time-to-earn-your-masters-in-engineering-management/
Pre-rendering: /topics/uncategorized/big-data-jobs-skills-acquired-in-a-master/ (102/164)
Error pre-rendering /topics/uncategorized/big-data-jobs-skills-acquired-in-a-master/: net::ERR_CONNECTION_REFUSED at http://localhost:4173/topics/uncategorized/big-data-jobs-skills-acquired-in-a-master/
Pre-rendering: /topics/mastering-computer-science/budgeting-to-pay-for-your-mscs/ (103/164)
Error pre-rendering /topics/mastering-computer-science/budgeting-to-pay-for-your-mscs/: net::ERR_CONNECTION_REFUSED at http://localhost:4173/topics/mastering-computer-science/budgeting-to-pay-for-your-mscs/
Pre-rendering: /topics/mastering-computer-science/building-computer-systems-for-the-future-reza-peyrovian/ (104/164)
Error pre-rendering /topics/mastering-computer-science/building-computer-systems-for-the-future-reza-peyrovian/: net::ERR_CONNECTION_REFUSED at http://localhost:4173/topics/mastering-computer-science/building-computer-systems-for-the-future-reza-peyrovian/
Pre-rendering: /topics/uncategorized/c-suite-executives-top-msds-grads-business/ (105/164)
Error pre-rendering /topics/uncategorized/c-suite-executives-top-msds-grads-business/: net::ERR_CONNECTION_REFUSED at http://localhost:4173/topics/uncategorized/c-suite-executives-top-msds-grads-business/
Pre-rendering: /topics/mastering-computer-science/coding-bootcamp-competing-today-job-market/ (106/164)
Error pre-rendering /topics/mastering-computer-science/coding-bootcamp-competing-today-job-market/: net::ERR_CONNECTION_REFUSED at http://localhost:4173/topics/mastering-computer-science/coding-bootcamp-competing-today-job-market/
Pre-rendering: /topics/mastering-computer-science/computer-science-ai-innovation-for-future/ (107/164)
Error pre-rendering /topics/mastering-computer-science/computer-science-ai-innovation-for-future/: net::ERR_CONNECTION_REFUSED at http://localhost:4173/topics/mastering-computer-science/computer-science-ai-innovation-for-future/
Pre-rendering: /topics/mastering-computer-science/computer-science-degree-requirements/ (108/164)
Error pre-rendering /topics/mastering-computer-science/computer-science-degree-requirements/: net::ERR_CONNECTION_REFUSED at http://localhost:4173/topics/mastering-computer-science/computer-science-degree-requirements/
Pre-rendering: /topics/mastering-computer-science/computer-science-salaries-outlook-for-2023/ (109/164)
Error pre-rendering /topics/mastering-computer-science/computer-science-salaries-outlook-for-2023/: net::ERR_CONNECTION_REFUSED at http://localhost:4173/topics/mastering-computer-science/computer-science-salaries-outlook-for-2023/
Pre-rendering: /topics/mastering-computer-science/computer-science-skills-developing-world/ (110/164)
Error pre-rendering /topics/mastering-computer-science/computer-science-skills-developing-world/: net::ERR_CONNECTION_REFUSED at http://localhost:4173/topics/mastering-computer-science/computer-science-skills-developing-world/
Pre-rendering: /topics/online-mba-success/covid-19s-impact-on-mba-admissions-process/ (111/164)
Error pre-rendering /topics/online-mba-success/covid-19s-impact-on-mba-admissions-process/: net::ERR_CONNECTION_REFUSED at http://localhost:4173/topics/online-mba-success/covid-19s-impact-on-mba-admissions-process/
Pre-rendering: /topics/uncategorized/data-science-careers-for-stem-professionals/ (112/164)
Error pre-rendering /topics/uncategorized/data-science-careers-for-stem-professionals/: net::ERR_CONNECTION_REFUSED at http://localhost:4173/topics/uncategorized/data-science-careers-for-stem-professionals/
Pre-rendering: /topics/uncategorized/data-science-masters-benefits/ (113/164)
Error pre-rendering /topics/uncategorized/data-science-masters-benefits/: net::ERR_CONNECTION_REFUSED at http://localhost:4173/topics/uncategorized/data-science-masters-benefits/
Pre-rendering: /topics/uncategorized/data-science-masters-for-ai-future/ (114/164)
Error pre-rendering /topics/uncategorized/data-science-masters-for-ai-future/: net::ERR_CONNECTION_REFUSED at http://localhost:4173/topics/uncategorized/data-science-masters-for-ai-future/
Pre-rendering: /topics/uncategorized/do-you-need-a-master-degree-for-data-science/ (115/164)
Error pre-rendering /topics/uncategorized/do-you-need-a-master-degree-for-data-science/: net::ERR_CONNECTION_REFUSED at http://localhost:4173/topics/uncategorized/do-you-need-a-master-degree-for-data-science/
Pre-rendering: /topics/engineering-essentials/engineering-management-degree-admission/ (116/164)
Error pre-rendering /topics/engineering-essentials/engineering-management-degree-admission/: net::ERR_CONNECTION_REFUSED at http://localhost:4173/topics/engineering-essentials/engineering-management-degree-admission/
Pre-rendering: /topics/online-mba-success/engineering-management-vs-mba/ (117/164)
Error pre-rendering /topics/online-mba-success/engineering-management-vs-mba/: net::ERR_CONNECTION_REFUSED at http://localhost:4173/topics/online-mba-success/engineering-management-vs-mba/
Pre-rendering: /topics/engineering-essentials/engineering-manager-or-tech-lead-choosing-your-path/ (118/164)
Error pre-rendering /topics/engineering-essentials/engineering-manager-or-tech-lead-choosing-your-path/: net::ERR_CONNECTION_REFUSED at http://localhost:4173/topics/engineering-essentials/engineering-manager-or-tech-lead-choosing-your-path/
Pre-rendering: /topics/engineering-essentials/engineering-manager-salary-guide/ (119/164)
Error pre-rendering /topics/engineering-essentials/engineering-manager-salary-guide/: net::ERR_CONNECTION_REFUSED at http://localhost:4173/topics/engineering-essentials/engineering-manager-salary-guide/
Pre-rendering: /topics/engineering-essentials/engineering-technology-masters-program/ (120/164)
Error pre-rendering /topics/engineering-essentials/engineering-technology-masters-program/: net::ERR_CONNECTION_REFUSED at http://localhost:4173/topics/engineering-essentials/engineering-technology-masters-program/
Pre-rendering: /topics/mastering-computer-science/explore-computer-science-salary-and-job-outlook-2024/ (121/164)
Error pre-rendering /topics/mastering-computer-science/explore-computer-science-salary-and-job-outlook-2024/: net::ERR_CONNECTION_REFUSED at http://localhost:4173/topics/mastering-computer-science/explore-computer-science-salary-and-job-outlook-2024/
Pre-rendering: /topics/engineering-essentials/finding-success-in-engineering-leadership/ (122/164)
Error pre-rendering /topics/engineering-essentials/finding-success-in-engineering-leadership/: net::ERR_CONNECTION_REFUSED at http://localhost:4173/topics/engineering-essentials/finding-success-in-engineering-leadership/
Pre-rendering: /topics/engineering-essentials/from-engineering-manager-program/ (123/164)
Error pre-rendering /topics/engineering-essentials/from-engineering-manager-program/: net::ERR_CONNECTION_REFUSED at http://localhost:4173/topics/engineering-essentials/from-engineering-manager-program/
Pre-rendering: /topics/mastering-computer-science/gain-technical-depth-with-a-computer-science-masters-mscs/ (124/164)
Error pre-rendering /topics/mastering-computer-science/gain-technical-depth-with-a-computer-science-masters-mscs/: net::ERR_CONNECTION_REFUSED at http://localhost:4173/topics/mastering-computer-science/gain-technical-depth-with-a-computer-science-masters-mscs/
Pre-rendering: /topics/mastering-computer-science/highest-paying-computer-science-skills/ (125/164)
Error pre-rendering /topics/mastering-computer-science/highest-paying-computer-science-skills/: net::ERR_CONNECTION_REFUSED at http://localhost:4173/topics/mastering-computer-science/highest-paying-computer-science-skills/
Pre-rendering: /topics/online-mba-success/how-immersion-enhances-the-stevens-online-mba-experience/ (126/164)
Error pre-rendering /topics/online-mba-success/how-immersion-enhances-the-stevens-online-mba-experience/: net::ERR_CONNECTION_REFUSED at http://localhost:4173/topics/online-mba-success/how-immersion-enhances-the-stevens-online-mba-experience/
Pre-rendering: /topics/mastering-computer-science/how-to-balance-a-full-time-job-and-an-online-mscs/ (127/164)
Error pre-rendering /topics/mastering-computer-science/how-to-balance-a-full-time-job-and-an-online-mscs/: net::ERR_CONNECTION_REFUSED at http://localhost:4173/topics/mastering-computer-science/how-to-balance-a-full-time-job-and-an-online-mscs/
Pre-rendering: /topics/online-mba-success/how-to-strengthen-your-online-mba-application/ (128/164)
Error pre-rendering /topics/online-mba-success/how-to-strengthen-your-online-mba-application/: net::ERR_CONNECTION_REFUSED at http://localhost:4173/topics/online-mba-success/how-to-strengthen-your-online-mba-application/
Pre-rendering: /topics/online-mba-success/integration-of-artificial-intelligence-in-business-strategy/ (129/164)
Error pre-rendering /topics/online-mba-success/integration-of-artificial-intelligence-in-business-strategy/: net::ERR_CONNECTION_REFUSED at http://localhost:4173/topics/online-mba-success/integration-of-artificial-intelligence-in-business-strategy/
Pre-rendering: /topics/engineering-essentials/managing-engineers-unique-skill-sets/ (130/164)
Error pre-rendering /topics/engineering-essentials/managing-engineers-unique-skill-sets/: net::ERR_CONNECTION_REFUSED at http://localhost:4173/topics/engineering-essentials/managing-engineers-unique-skill-sets/
Pre-rendering: /topics/online-mba-success/mba-career-paths-new-pursuits/ (131/164)
Error pre-rendering /topics/online-mba-success/mba-career-paths-new-pursuits/: net::ERR_CONNECTION_REFUSED at http://localhost:4173/topics/online-mba-success/mba-career-paths-new-pursuits/
Pre-rendering: /topics/online-mba-success/mba-equips-leaders-with-financial-and-managerial-accounting-skills/ (132/164)
Error pre-rendering /topics/online-mba-success/mba-equips-leaders-with-financial-and-managerial-accounting-skills/: net::ERR_CONNECTION_REFUSED at http://localhost:4173/topics/online-mba-success/mba-equips-leaders-with-financial-and-managerial-accounting-skills/
Pre-rendering: /topics/online-mba-success/mba-program-fits-entrepreneurship-journey/ (133/164)
Error pre-rendering /topics/online-mba-success/mba-program-fits-entrepreneurship-journey/: net::ERR_CONNECTION_REFUSED at http://localhost:4173/topics/online-mba-success/mba-program-fits-entrepreneurship-journey/
Pre-rendering: /topics/mastering-computer-science/online-computer-science-degree-mscs/ (134/164)
Error pre-rendering /topics/mastering-computer-science/online-computer-science-degree-mscs/: net::ERR_CONNECTION_REFUSED at http://localhost:4173/topics/mastering-computer-science/online-computer-science-degree-mscs/
Pre-rendering: /topics/mastering-computer-science/online-data-science-vs-computer-science/ (135/164)
Error pre-rendering /topics/mastering-computer-science/online-data-science-vs-computer-science/: net::ERR_CONNECTION_REFUSED at http://localhost:4173/topics/mastering-computer-science/online-data-science-vs-computer-science/
Pre-rendering: /topics/engineering-essentials/online-distance-learning-degree/ (136/164)
Error pre-rendering /topics/engineering-essentials/online-distance-learning-degree/: net::ERR_CONNECTION_REFUSED at http://localhost:4173/topics/engineering-essentials/online-distance-learning-degree/
Pre-rendering: /topics/engineering-essentials/online-engineering-management-requirements/ (137/164)
Error pre-rendering /topics/engineering-essentials/online-engineering-management-requirements/: net::ERR_CONNECTION_REFUSED at http://localhost:4173/topics/engineering-essentials/online-engineering-management-requirements/
Pre-rendering: /topics/engineering-essentials/online-learning-experience-at-stevens-institute-of-technology/ (138/164)
Error pre-rendering /topics/engineering-essentials/online-learning-experience-at-stevens-institute-of-technology/: net::ERR_CONNECTION_REFUSED at http://localhost:4173/topics/engineering-essentials/online-learning-experience-at-stevens-institute-of-technology/
Pre-rendering: /topics/mastering-computer-science/online-mscs-develops-skills-required-for-remote-computer-science-jobs/ (139/164)
Error pre-rendering /topics/mastering-computer-science/online-mscs-develops-skills-required-for-remote-computer-science-jobs/: net::ERR_CONNECTION_REFUSED at http://localhost:4173/topics/mastering-computer-science/online-mscs-develops-skills-required-for-remote-computer-science-jobs/
Pre-rendering: /topics/engineering-essentials/origins-of-engineering-management-mem-degree/ (140/164)
Error pre-rendering /topics/engineering-essentials/origins-of-engineering-management-mem-degree/: net::ERR_CONNECTION_REFUSED at http://localhost:4173/topics/engineering-essentials/origins-of-engineering-management-mem-degree/
Pre-rendering: /topics/uncategorized/outlook-for-data-science-occupations/ (141/164)
Error pre-rendering /topics/uncategorized/outlook-for-data-science-occupations/: net::ERR_CONNECTION_REFUSED at http://localhost:4173/topics/uncategorized/outlook-for-data-science-occupations/
Pre-rendering: /topics/mastering-computer-science/prepare-for-remote-computer-science-jobs-with-an-mscs/ (142/164)
Error pre-rendering /topics/mastering-computer-science/prepare-for-remote-computer-science-jobs-with-an-mscs/: net::ERR_CONNECTION_REFUSED at http://localhost:4173/topics/mastering-computer-science/prepare-for-remote-computer-science-jobs-with-an-mscs/
Pre-rendering: /topics/uncategorized/real-life-data-science-masters-degree/ (143/164)
Error pre-rendering /topics/uncategorized/real-life-data-science-masters-degree/: net::ERR_CONNECTION_REFUSED at http://localhost:4173/topics/uncategorized/real-life-data-science-masters-degree/
Pre-rendering: /topics/uncategorized/remote-computer-jobs-online-msds-grads/ (144/164)
Error pre-rendering /topics/uncategorized/remote-computer-jobs-online-msds-grads/: net::ERR_CONNECTION_REFUSED at http://localhost:4173/topics/uncategorized/remote-computer-jobs-online-msds-grads/
Pre-rendering: /topics/mastering-computer-science/safer-and-more-secure-software-design/ (145/164)
Error pre-rendering /topics/mastering-computer-science/safer-and-more-secure-software-design/: net::ERR_CONNECTION_REFUSED at http://localhost:4173/topics/mastering-computer-science/safer-and-more-secure-software-design/
Pre-rendering: /topics/mastering-computer-science/steven-mscs-focus-areas/ (146/164)
Error pre-rendering /topics/mastering-computer-science/steven-mscs-focus-areas/: net::ERR_CONNECTION_REFUSED at http://localhost:4173/topics/mastering-computer-science/steven-mscs-focus-areas/
Pre-rendering: /topics/engineering-essentials/stevens-asap-application/ (147/164)
Error pre-rendering /topics/engineering-essentials/stevens-asap-application/: net::ERR_CONNECTION_REFUSED at http://localhost:4173/topics/engineering-essentials/stevens-asap-application/
Pre-rendering: /topics/mastering-computer-science/stevens-institute-master-of-computer-science-program-who-is-a-good-fit/ (148/164)
Error pre-rendering /topics/mastering-computer-science/stevens-institute-master-of-computer-science-program-who-is-a-good-fit/: net::ERR_CONNECTION_REFUSED at http://localhost:4173/topics/mastering-computer-science/stevens-institute-master-of-computer-science-program-who-is-a-good-fit/
Pre-rendering: /topics/uncategorized/stevens-master-of-science-in-data-science-hands-on-skills/ (149/164)
Error pre-rendering /topics/uncategorized/stevens-master-of-science-in-data-science-hands-on-skills/: net::ERR_CONNECTION_REFUSED at http://localhost:4173/topics/uncategorized/stevens-master-of-science-in-data-science-hands-on-skills/
Pre-rendering: /topics/online-mba-success/stevens-online-mba-employer-tuition-assistance/ (150/164)
Error pre-rendering /topics/online-mba-success/stevens-online-mba-employer-tuition-assistance/: net::ERR_CONNECTION_REFUSED at http://localhost:4173/topics/online-mba-success/stevens-online-mba-employer-tuition-assistance/
Pre-rendering: /topics/uncategorized/submit-a-stronger-msds-application-start-with-application-walkthrough/ (151/164)
Error pre-rendering /topics/uncategorized/submit-a-stronger-msds-application-start-with-application-walkthrough/: net::ERR_CONNECTION_REFUSED at http://localhost:4173/topics/uncategorized/submit-a-stronger-msds-application-start-with-application-walkthrough/
Pre-rendering: /topics/engineering-essentials/supply-chain-management-sustainability/ (152/164)
Error pre-rendering /topics/engineering-essentials/supply-chain-management-sustainability/: net::ERR_CONNECTION_REFUSED at http://localhost:4173/topics/engineering-essentials/supply-chain-management-sustainability/
Pre-rendering: /topics/online-mba-success/tech-management-jobs/ (153/164)
Error pre-rendering /topics/online-mba-success/tech-management-jobs/: net::ERR_CONNECTION_REFUSED at http://localhost:4173/topics/online-mba-success/tech-management-jobs/
Pre-rendering: /topics/uncategorized/the-data-science-bubble-essential-for-you/ (154/164)
Error pre-rendering /topics/uncategorized/the-data-science-bubble-essential-for-you/: net::ERR_CONNECTION_REFUSED at http://localhost:4173/topics/uncategorized/the-data-science-bubble-essential-for-you/
Pre-rendering: /topics/uncategorized/the-top-data-science-trends-today/ (155/164)
Error pre-rendering /topics/uncategorized/the-top-data-science-trends-today/: net::ERR_CONNECTION_REFUSED at http://localhost:4173/topics/uncategorized/the-top-data-science-trends-today/
Pre-rendering: /topics/online-mba-success/the-true-benefits-for-online-mba-graduates/ (156/164)
Error pre-rendering /topics/online-mba-success/the-true-benefits-for-online-mba-graduates/: net::ERR_CONNECTION_REFUSED at http://localhost:4173/topics/online-mba-success/the-true-benefits-for-online-mba-graduates/
Pre-rendering: /topics/uncategorized/top-best-data-science-programs/ (157/164)
Error pre-rendering /topics/uncategorized/top-best-data-science-programs/: net::ERR_CONNECTION_REFUSED at http://localhost:4173/topics/uncategorized/top-best-data-science-programs/
Pre-rendering: /topics/online-mba-success/top-mba-jobs-for-2025-graduates/ (158/164)
Error pre-rendering /topics/online-mba-success/top-mba-jobs-for-2025-graduates/: net::ERR_CONNECTION_REFUSED at http://localhost:4173/topics/online-mba-success/top-mba-jobs-for-2025-graduates/
Pre-rendering: /topics/engineering-essentials/top-online-master-engineering-curriculum/ (159/164)
Error pre-rendering /topics/engineering-essentials/top-online-master-engineering-curriculum/: net::ERR_CONNECTION_REFUSED at http://localhost:4173/topics/engineering-essentials/top-online-master-engineering-curriculum/
Pre-rendering: /topics/mastering-computer-science/why-an-mscs-is-better-than-moocs/ (160/164)
Error pre-rendering /topics/mastering-computer-science/why-an-mscs-is-better-than-moocs/: net::ERR_CONNECTION_REFUSED at http://localhost:4173/topics/mastering-computer-science/why-an-mscs-is-better-than-moocs/
Pre-rendering: /topics/mastering-computer-science/why-computer-science-is-important/ (161/164)
Error pre-rendering /topics/mastering-computer-science/why-computer-science-is-important/: net::ERR_CONNECTION_REFUSED at http://localhost:4173/topics/mastering-computer-science/why-computer-science-is-important/
Pre-rendering: /topics/online-mba-success/why-top-online-mba-programs-emphasize-technical-foundation/ (162/164)
Error pre-rendering /topics/online-mba-success/why-top-online-mba-programs-emphasize-technical-foundation/: net::ERR_CONNECTION_REFUSED at http://localhost:4173/topics/online-mba-success/why-top-online-mba-programs-emphasize-technical-foundation/
Pre-rendering: /topics/online-mba-success/with-an-online-mba-jobs-become-more-accessible/ (163/164)
Error pre-rendering /topics/online-mba-success/with-an-online-mba-jobs-become-more-accessible/: net::ERR_CONNECTION_REFUSED at http://localhost:4173/topics/online-mba-success/with-an-online-mba-jobs-become-more-accessible/
Pre-rendering: /topics/uncategorized/your-data-science-resume/ (164/164)
Error pre-rendering /topics/uncategorized/your-data-science-resume/: net::ERR_CONNECTION_REFUSED at http://localhost:4173/topics/uncategorized/your-data-science-resume/

Successfully pre-rendered 164 pages!
